<?xml version="1.0" encoding="UTF-8"?>
<!-- Generated by org.testng.reporters.JUnitReportReporter -->
<testsuite hostname="EG-AAREF" failures="0" tests="3" name="org.RestAssuredAPI.APIsTestWithCleanCode" time="4.209" errors="0" timestamp="2020-08-12T14:32:42 EET" skipped="0">
  <testcase classname="org.RestAssuredAPI.APIsTestWithCleanCode" name="extractPlaceNameFromResponseBody" time="0.895"/>
  <testcase classname="org.RestAssuredAPI.APIsTestWithCleanCode" name="checkPlaceNameInResponseBody_withResponseSpec" time="1.440"/>
  <testcase classname="org.RestAssuredAPI.APIsTestWithCleanCode" name="CheckReqestStatusCode" time="1.874"/>
</testsuite> <!-- org.RestAssuredAPI.APIsTestWithCleanCode -->
