<?xml version="1.0" encoding="UTF-8"?>
<!-- Generated by org.testng.reporters.JUnitReportReporter -->
<testsuite hostname="EG-AAREF" failures="0" tests="2" name="org.RestAssuredAPI.APIHeaders" time="3.737" errors="0" timestamp="2020-09-08T14:43:49 EET" skipped="0">
  <testcase classname="org.RestAssuredAPI.APIHeaders" name="requestUsZipCode90210_checkContentType" time="1.871"/>
  <testcase classname="org.RestAssuredAPI.APIHeaders" name="requestUsZipCode90210_checkStatusCode" time="1.866"/>
</testsuite> <!-- org.RestAssuredAPI.APIHeaders -->
