<?xml version="1.0" encoding="UTF-8"?>
<!-- Generated by org.testng.reporters.JUnitReportReporter -->
<testsuite hostname="EG-AAREF" failures="0" tests="2" name="org.RestAssuredAPI.APITest1" time="5.351" errors="0" timestamp="2020-07-24T13:28:48 EET" skipped="0">
  <testcase classname="org.RestAssuredAPI.APITest1" name="requestUsZipCode90210_checkContentType" time="2.863"/>
  <testcase classname="org.RestAssuredAPI.APITest1" name="requestUsZipCode90210_checkStatusCode" time="2.488"/>
</testsuite> <!-- org.RestAssuredAPI.APITest1 -->
