<?xml version="1.0" encoding="UTF-8"?>
<!-- Generated by org.testng.reporters.JUnitReportReporter -->
<testsuite hostname="EG-AAREF" failures="0" tests="5" name="org.RestAssuredAPI.ApiTest1NG" time="2.013" errors="0" timestamp="2020-09-08T14:43:49 EET" skipped="0">
  <testcase classname="org.RestAssuredAPI.ApiTest1NG" name="requestUsZipCode90210_checkCountryName" time="0.566"/>
  <testcase classname="org.RestAssuredAPI.ApiTest1NG" name="requestUsZipCode90210_checkTheNumberOfPlaces" time="0.287"/>
  <testcase classname="org.RestAssuredAPI.ApiTest1NG" name="requestUsZipCode90210_checkPlaceState" time="0.271"/>
  <testcase classname="org.RestAssuredAPI.ApiTest1NG" name="requestUsZipCode90210_logRequestAndResponseDetails" time="0.326"/>
  <testcase classname="org.RestAssuredAPI.ApiTest1NG" name="requestUsZipCode90210_checkListOfPlacesName" time="0.563"/>
</testsuite> <!-- org.RestAssuredAPI.ApiTest1NG -->
