<?xml version="1.0" encoding="UTF-8"?>
<!-- Generated by org.testng.reporters.JUnitReportReporter -->
<testsuite hostname="EG-AAREF" failures="0" tests="5" name="org.RestAssuredAPI.ApiTest1NG" time="4.661" errors="0" timestamp="2020-08-09T15:21:30 EET" skipped="0">
  <testcase classname="org.RestAssuredAPI.ApiTest1NG" name="requestUsZipCode90210_checkTheNumberOfPlaces" time="0.293"/>
  <testcase classname="org.RestAssuredAPI.ApiTest1NG" name="requestUsZipCode90210_logRequestAndResponseDetails" time="0.397"/>
  <testcase classname="org.RestAssuredAPI.ApiTest1NG" name="requestUsZipCode90210_checkCountryName" time="2.827"/>
  <testcase classname="org.RestAssuredAPI.ApiTest1NG" name="requestUsZipCode90210_checkPlaceState" time="0.707"/>
  <testcase classname="org.RestAssuredAPI.ApiTest1NG" name="requestUsZipCode90210_checkListOfPlacesName" time="0.437"/>
</testsuite> <!-- org.RestAssuredAPI.ApiTest1NG -->
