<?xml version="1.0" encoding="UTF-8"?>
<!-- Generated by org.testng.reporters.JUnitReportReporter -->
<testsuite hostname="EG-AAREF" failures="0" tests="1" name="org.RestAssuredAPI.ApiTest1NG" time="1.785" errors="0" timestamp="2020-07-24T13:47:47 EET" skipped="0">
  <testcase classname="org.RestAssuredAPI.ApiTest1NG" name="requestUsZipCode90210_checkPlaceName" time="1.785"/>
</testsuite> <!-- org.RestAssuredAPI.ApiTest1NG -->
