<?xml version="1.0" encoding="UTF-8"?>
<!-- Generated by org.testng.reporters.JUnitReportReporter -->
<testsuite hostname="EG-AAREF" failures="0" tests="4" name="org.RestAssuredAPI.APIsTestWithCleanCode" time="4.805" errors="0" timestamp="2020-09-08T14:43:49 EET" skipped="0">
  <testcase classname="org.RestAssuredAPI.APIsTestWithCleanCode" name="createResponseSpecification" time="0.067"/>
  <testcase classname="org.RestAssuredAPI.APIsTestWithCleanCode" name="checkPlaceNameInResponseBody_withResponseSpec" time="1.825"/>
  <testcase classname="org.RestAssuredAPI.APIsTestWithCleanCode" name="extractPlaceNameFromResponseBody" time="1.663"/>
  <testcase classname="org.RestAssuredAPI.APIsTestWithCleanCode" name="CheckReqestStatusCode" time="1.250"/>
</testsuite> <!-- org.RestAssuredAPI.APIsTestWithCleanCode -->
