<?xml version="1.0" encoding="UTF-8"?>
<!-- Generated by org.testng.reporters.JUnitReportReporter -->
<testsuite hostname="EG-AAREF" failures="0" tests="4" name="org.RestAssuredAPI.APiWithDP" time="1.508" errors="0" timestamp="2020-09-08T14:43:49 EET" skipped="0">
  <testcase classname="org.RestAssuredAPI.APiWithDP" name="checkplaceName" time="0.296"/>
  <testcase classname="org.RestAssuredAPI.APiWithDP" name="checkplaceName" time="0.284"/>
  <testcase classname="org.RestAssuredAPI.APiWithDP" name="checkplaceName" time="0.262"/>
  <testcase classname="org.RestAssuredAPI.APiWithDP" name="checkplaceName" time="0.666"/>
</testsuite> <!-- org.RestAssuredAPI.APiWithDP -->
