<?xml version="1.0" encoding="UTF-8"?>
<!-- Generated by org.testng.reporters.JUnitReportReporter -->
<testsuite hostname="EG-AAREF" failures="0" tests="4" name="org.RestAssuredAPI.APiWithDB" time="3.177" errors="0" timestamp="2020-08-12T10:27:42 EET" skipped="0">
  <testcase classname="org.RestAssuredAPI.APiWithDB" name="checkplaceName" time="0.415"/>
  <testcase classname="org.RestAssuredAPI.APiWithDB" name="checkplaceName" time="2.078"/>
  <testcase classname="org.RestAssuredAPI.APiWithDB" name="checkplaceName" time="0.403"/>
  <testcase classname="org.RestAssuredAPI.APiWithDB" name="checkplaceName" time="0.281"/>
</testsuite> <!-- org.RestAssuredAPI.APiWithDB -->
